<?xml version="1.0" encoding="UTF-8"?>
<!-- Generated by org.testng.reporters.JUnitReportReporter -->
<testsuite hostname="DESKTOP-A9NGOL3" failures="0" tests="6" name="tests.LoginTest" time="101.269" errors="0" timestamp="2023-08-02T21:58:50 IST" skipped="0">
  <testcase classname="tests.LoginTest" name="NavigateToShoppingCart" time="5.953"/>
  <system-out/>
  <testcase classname="tests.LoginTest" name="NavigateToAccessoriesOne" time="15.113"/>
  <system-out/>
  <testcase classname="tests.LoginTest" name="NavigateToPhonesAccessories" time="9.395"/>
  <system-out/>
  <testcase classname="tests.LoginTest" name="ItemAddedToCart" time="13.049"/>
  <system-out/>
  <testcase classname="tests.LoginTest" name="navigateToCheckOut" time="15.889"/>
  <system-out/>
  <testcase classname="tests.LoginTest" name="Login" time="41.870"/>
  <system-out/>
</testsuite> <!-- tests.LoginTest -->
